app/build/intermediates/manifest_merge_blame_file/debug/manifest-merger-blame-debug-report.txt
1<?xml version="1.0" encoding="utf-8"?>
2<manifest xmlns:android="http://schemas.android.com/apk/res/android"
3    package="com.example.ba"
4    android:versionCode="1"
5    android:versionName="1.0" >
6
7    <uses-sdk
8        android:minSdkVersion="16"
8-->src\main\AndroidManifest.xml
9        android:targetSdkVersion="30" />
9-->src\main\AndroidManifest.xml
10
11    <application
11-->src\main\AndroidManifest.xml:5:5-24:19
12        android:allowBackup="true"
12-->src\main\AndroidManifest.xml:6:9-35
13        android:appComponentFactory="androidx.core.app.CoreComponentFactory"
13-->[androidx.core:core:1.5.0] AndroidManifest.xml:24:18-86
14        android:debuggable="true"
15        android:icon="@mipmap/ic_launcher"
15-->src\main\AndroidManifest.xml:7:9-43
16        android:label="@string/app_name"
16-->src\main\AndroidManifest.xml:8:9-41
17        android:roundIcon="@mipmap/ic_launcher_round"
17-->src\main\AndroidManifest.xml:9:9-54
18        android:supportsRtl="true"
18-->src\main\AndroidManifest.xml:10:9-35
19        android:testOnly="true"
20        android:theme="@style/Theme.Ba" >
20-->src\main\AndroidManifest.xml:11:9-40
21        <activity android:name="com.example.ba.movieDetail.movieDetail" >
21-->src\main\AndroidManifest.xml:12:9-20:20
21-->src\main\AndroidManifest.xml:12:19-58
22            <intent-filter>
22-->src\main\AndroidManifest.xml:14:13-18:29
23                <action android:name="android.intent.action.MAIN" />
23-->src\main\AndroidManifest.xml:15:17-69
23-->src\main\AndroidManifest.xml:15:25-66
24
25                <category android:name="android.intent.category.LAUNCHER" />
25-->src\main\AndroidManifest.xml:17:17-77
25-->src\main\AndroidManifest.xml:17:27-74
26            </intent-filter>
27        </activity>
28        <activity android:name="com.example.ba.MainActivity" >
28-->src\main\AndroidManifest.xml:21:9-23:20
28-->src\main\AndroidManifest.xml:21:19-47
29        </activity>
30
31        <provider
31-->[androidx.lifecycle:lifecycle-process:2.0.0] AndroidManifest.xml:23:9-27:43
32            android:name="androidx.lifecycle.ProcessLifecycleOwnerInitializer"
32-->[androidx.lifecycle:lifecycle-process:2.0.0] AndroidManifest.xml:24:13-79
33            android:authorities="com.example.ba.lifecycle-process"
33-->[androidx.lifecycle:lifecycle-process:2.0.0] AndroidManifest.xml:25:13-69
34            android:exported="false"
34-->[androidx.lifecycle:lifecycle-process:2.0.0] AndroidManifest.xml:26:13-37
35            android:multiprocess="true" />
35-->[androidx.lifecycle:lifecycle-process:2.0.0] AndroidManifest.xml:27:13-40
36    </application>
37
38</manifest>